<?xml version="1.0" encoding="UTF-8"?>
<testng-results ignored="0" total="1" passed="1" failed="0" skipped="0">
  <reporter-output>
  </reporter-output>
  <suite started-at="2023-10-15T19:06:06 GMT-04:00" name="Default suite" finished-at="2023-10-15T19:06:10 GMT-04:00" duration-ms="3579">
    <groups>
    </groups>
    <test started-at="2023-10-15T19:06:06 GMT-04:00" name="Default test" finished-at="2023-10-15T19:06:10 GMT-04:00" duration-ms="3579">
      <class name="addProductToCart2">
        <test-method signature="initialize()[pri:0, instance:addProductToCart2@52af26ee]" started-at="2023-10-15T19:06:06 GMT-04:00" name="initialize" finished-at="2023-10-15T19:06:10 GMT-04:00" duration-ms="3515" status="PASS">
          <reporter-output>
          </reporter-output>
        </test-method> <!-- initialize -->
      </class> <!-- addProductToCart2 -->
    </test> <!-- Default test -->
  </suite> <!-- Default suite -->
</testng-results>
