<?xml version="1.0" encoding="UTF-8"?>
<!-- Generated by org.testng.reporters.JUnitXMLReporter -->
<testsuite ignored="0" hostname="DESKTOP-G5LMQNA" failures="0" tests="1" name="Test" time="4.489" errors="0" timestamp="2023-10-16T19:04:40 GMT-04:00">
  <testcase classname="Products.AddProductToCart" name="@BeforeMethod login" time="0.018">
    <failure type="java.lang.NullPointerException" message="Cannot invoke &amp;quot;org.openqa.selenium.support.ui.WebDriverWait.until(java.util.function.Function)&amp;quot; because &amp;quot;methods.HomePage.wait&amp;quot; is null">
      <![CDATA[java.lang.NullPointerException: Cannot invoke "org.openqa.selenium.support.ui.WebDriverWait.until(java.util.function.Function)" because "methods.HomePage.wait" is null
at methods.HomePage.clickToLogin(HomePage.java:21)
at Products.AddProductToCart.login(AddProductToCart.java:26)
at java.base/java.util.ArrayList.forEach(ArrayList.java:1511)
... Removed 29 stack frames]]>
    </failure>
  </testcase> <!-- @BeforeMethod login -->
  <testcase classname="Products.AddProductToCart" name="@AfterMethod logOut" time="-1.69749748088E9">
    <skipped/>
  </testcase> <!-- @AfterMethod logOut -->
  <testcase classname="Products.AddProductToCart" name="@AfterClass closeBrowser" time="-1.697497480895E9">
    <skipped/>
  </testcase> <!-- @AfterClass closeBrowser -->
  <testcase classname="Products.AddProductToCart" name="addProductAndVerify" time="0.0">
    <skipped/>
  </testcase> <!-- addProductAndVerify -->
</testsuite> <!-- Test -->
